\\PARADIS\ELEVES\FVASSAUX\BUREAU\TD1\TD1\DEBUG\MAIN.OBJ
\\PARADIS\ELEVES\FVASSAUX\BUREAU\TD1\TD1\DEBUG\VC110.PDB
\\PARADIS\ELEVES\FVASSAUX\BUREAU\TD1\TD1\DEBUG\TEST.OBJ
\\PARADIS\ELEVES\FVASSAUX\BUREAU\TD1\DEBUG\TD1.ILK
\\PARADIS\ELEVES\FVASSAUX\BUREAU\TD1\DEBUG\TD1.EXE
\\PARADIS\ELEVES\FVASSAUX\BUREAU\TD1\DEBUG\TD1.PDB
\\paradis\eleves\FVASSAUX\Bureau\TD1\TD1\Debug\Main.obj
\\paradis\eleves\FVASSAUX\Bureau\TD1\TD1\Debug\test.obj
\\paradis\eleves\FVASSAUX\Bureau\TD1\TD1\Debug\cl.command.1.tlog
\\paradis\eleves\FVASSAUX\Bureau\TD1\TD1\Debug\CL.read.1.tlog
\\paradis\eleves\FVASSAUX\Bureau\TD1\TD1\Debug\CL.write.1.tlog
\\paradis\eleves\FVASSAUX\Bureau\TD1\TD1\Debug\link-cvtres.read.1.tlog
\\paradis\eleves\FVASSAUX\Bureau\TD1\TD1\Debug\link-cvtres.write.1.tlog
\\paradis\eleves\FVASSAUX\Bureau\TD1\TD1\Debug\link-rc.read.1.tlog
\\paradis\eleves\FVASSAUX\Bureau\TD1\TD1\Debug\link-rc.write.1.tlog
\\paradis\eleves\FVASSAUX\Bureau\TD1\TD1\Debug\link.3152-cvtres.read.1.tlog
\\paradis\eleves\FVASSAUX\Bureau\TD1\TD1\Debug\link.3152-cvtres.write.1.tlog
\\paradis\eleves\FVASSAUX\Bureau\TD1\TD1\Debug\link.3152-rc.read.1.tlog
\\paradis\eleves\FVASSAUX\Bureau\TD1\TD1\Debug\link.3152-rc.write.1.tlog
\\paradis\eleves\FVASSAUX\Bureau\TD1\TD1\Debug\link.3152.read.1.tlog
\\paradis\eleves\FVASSAUX\Bureau\TD1\TD1\Debug\link.3152.write.1.tlog
\\paradis\eleves\FVASSAUX\Bureau\TD1\TD1\Debug\link.command.1.tlog
\\paradis\eleves\FVASSAUX\Bureau\TD1\TD1\Debug\link.read.1.tlog
\\paradis\eleves\FVASSAUX\Bureau\TD1\TD1\Debug\link.write.1.tlog
\\paradis\eleves\FVASSAUX\Bureau\TD1\TD1\Debug\vc110.idb
\\paradis\eleves\FVASSAUX\Bureau\TD1\TD1\Debug\vc110.pdb
\\paradis\eleves\FVASSAUX\Bureau\TD1\Debug\TD1.pdb
\\paradis\eleves\FVASSAUX\Bureau\TD1\Debug\TD1.exe
\\paradis\eleves\FVASSAUX\Bureau\TD1\Debug\TD1.ilk
